[INFO  - 2017-01-24T03:05:14.302Z] GhostDriver - Main - running on port 50931
[INFO  - 2017-01-24T03:05:14.396Z] Session [ed253a70-e1e1-11e6-971d-23edb459278c] - page.settings - {"XSSAuditingEnabled":false,"javascriptCanCloseWindows":true,"javascriptCanOpenWindows":true,"javascriptEnabled":true,"loadImages":true,"localToRemoteUrlAccessEnabled":false,"userAgent":"Mozilla/5.0 (Macintosh; Intel Mac OS X) AppleWebKit/538.1 (KHTML, like Gecko) PhantomJS/2.1.1 Safari/538.1","webSecurityEnabled":true}
[INFO  - 2017-01-24T03:05:14.396Z] Session [ed253a70-e1e1-11e6-971d-23edb459278c] - page.customHeaders:  - {}
[INFO  - 2017-01-24T03:05:14.396Z] Session [ed253a70-e1e1-11e6-971d-23edb459278c] - Session.negotiatedCapabilities - {"browserName":"phantomjs","version":"2.1.1","driverName":"ghostdriver","driverVersion":"1.2.0","platform":"mac-unknown-64bit","javascriptEnabled":true,"takesScreenshot":true,"handlesAlerts":false,"databaseEnabled":false,"locationContextEnabled":false,"applicationCacheEnabled":false,"browserConnectionEnabled":false,"cssSelectorsEnabled":true,"webStorageEnabled":false,"rotatable":false,"acceptSslCerts":false,"nativeEvents":true,"proxy":{"proxyType":"direct"}}
[INFO  - 2017-01-24T03:05:14.396Z] SessionManagerReqHand - _postNewSessionCommand - New Session Created: ed253a70-e1e1-11e6-971d-23edb459278c
[INFO  - 2017-01-24T03:10:14.318Z] SessionManagerReqHand - _cleanupWindowlessSessions - Asynchronous Sessions clean-up phase starting NOW
[ERROR - 2017-01-24T03:13:29.752Z] Session [ed253a70-e1e1-11e6-971d-23edb459278c] - page.onError - msg: undefined

  phantomjs://platform/console++.js:263 in error
[ERROR - 2017-01-24T03:13:29.752Z] Session [ed253a70-e1e1-11e6-971d-23edb459278c] - page.onError - stack:
  (anonymous function) (https://s7.addthis.com/js/250/addthis_widget.js:2)

  phantomjs://platform/console++.js:263 in error
[ERROR - 2017-01-24T03:13:37.494Z] Session [ed253a70-e1e1-11e6-971d-23edb459278c] - page.onError - msg: undefined

  phantomjs://platform/console++.js:263 in error
[ERROR - 2017-01-24T03:13:37.494Z] Session [ed253a70-e1e1-11e6-971d-23edb459278c] - page.onError - stack:
  (anonymous function) (https://s7.addthis.com/js/250/addthis_widget.js:2)

  phantomjs://platform/console++.js:263 in error
[ERROR - 2017-01-24T03:13:54.714Z] Ses[INFO  - 2017-01-24T03:17:43.346Z] SessionManagerReqHand - _cleanupWindowlessSessions - Asynchronous Sessions clean-up phase starting NOW
7-01-24T03:13:54.714Z] Session [ed253a70-e1e1-11e6-971d-23edb459278c] - page.onError - stack:
  (anonymous function) (h[INFO  - 2017-01-24T03:16:30.911Z] SessionManagerReqHand - _cleanupWindowlessSessions - Asynchronous Sessions clean-up phase starting NOW
[INFO  - 2017-01-24T03:18:43.383Z] SessionManagerReqHand - _cleanupWindowlessSessions - Asynchronous Sessions clean-up phase starting NOW
7-01-24T03:13:59.03[INFO  - 2017-01-24T03:16:54.300Z] SessionManagerReqHand - _cleanupWindowlessSessions - Asynchronous Sessions clean-up phase starting NOW
idget.js:2)

  phantomjs://platform/console++.js:263 in error
[ERROR - 2017-01-24T03:14:03.301Z] Session [ed253a70-e1e1-11e6-971d-23edb459278c] - page.onError - msg: undefined

  phantomjs://platform/console++.js:263 in error
[ERROR - 2017-01-24T03:14:03.301Z] Session [ed253a70-e1e1-11e6-971d-23edb459278c] - page.onError - stack:
  (anonymous function) (https://s7.addthis.com/js/250/addthis_widget.js:2)

  phantomjs://platform/console++.js:263 in error
[ERROR - 2017-01-24T03:14:09.786Z] Session [ed253a70-e1e1-11e6-971d-23edb459278c] - page.onError - msg: undefined

  phantomjs://platform/console++.js:263 in error
[ERROR - 2017-01-24T03:14:09.786Z] Session [ed253a70-e1e1-11e6-971d-23edb459278c] - page.onError - stack:
  (anonymous function) (https://s7.addthis.c[INFO  - 2017-01-24T03:15:01.206Z] SessionManage[INFO  - 2017-01-24T03:17:27.007Z] SessionManagerReqHand - _cleanupWindowlessSessions - Asynchronous Sessions clean-up phase starting NOW
ndefined

  phantomjs://platform/console++.js:263 in error
[ERROR - 2017-01-24T03:14:13.036Z] Session [ed253a70-e1e1-11e6-971d-23edb459278c] - page.onError - stack:
  (anonymous function) (https://s7.addthis.com/js/250/addthis_widget.js:2)

  phantomjs://platform/console++.js:263 in error
[ERROR - 2017-01-24T03:14:16.566Z] Session [ed253a70-e1e1-11e6-971d-23edb459278c] - page.onError - msg: undefined

  phantomjs://platform/console++.js:263 in error
[ERROR - 2017-01-24T03:14:16.566Z] Session [ed253a70-e1e1-11e6-971d-23edb459278c] - page.onError - stack:
  (anonymous function) (https://s7.addthis.com/js/250/addthis_widget.js:2)

  phantomjs://platform/console++.js:263 in error
[ERROR - 2017-01-24T03:14:19.779Z] Session [ed253a70-e1e1-11e6-971d-23edb459278c] - page.onError - msg: undefined

  phantomjs://platform/console++.js:263 in error
[ERROR - 2017-01-24T03:14:19.780Z] Session [ed253a70-e1e1-11e6-971d-23edb459278c] - page.onError - stack:
  (anonymous function) (https://s7.addthis.com/js/250/addthis_widget.js:2)

  phantomjs://platform/console++.js:263 in error
[ERROR - 2017-01-24T03:14:23.166Z] Session [ed253a70-e1e1-11e6-971d-23edb459278c] - page.onError - msg: undefined

  phantomjs://platform/console++.js:263 in error
[ERROR - 2017-01-24T03:14:23.166Z] Session [ed253a70-e1e1-11e6-971d-23edb459278c] - page.onError - stack:
  (anonymous function) (https://s7.addthis.com/js/250/addthis_widget.js:2)

  phantomjs://platform/console++.js:263 in error
[ERROR - 2017-01-24T03:14:26.463Z] Session [ed253a70-e1e1-11e6-971d-23edb459278c] - page.onError - msg: undefined

  phantomjs://platform/console++.js:263 in error
[ERROR - 2017-01-24T03:14:26.463Z] Session [ed253a70-e1e1-11e6-971d-23edb459278c] - page.onError - stack:
  (anonymous function) (https://s7.addthis.com/js/250/addthis_widget.js:2)

  phantomjs://platform/console++.js:263 in error
[ERROR - 2017-01-24T03:14:52.722Z] Session [ed253a70-e1e1-11e6-971d-23edb459278c] - page.onError - msg: undefined

  phantomjs://platform/console++.js:263 in error
[ERROR - 2017-01-24T03:14:52.722Z] Session [ed253a70-e1e1-11e6-971d-23edb459278c] - page.onError - stack:
  (anonymous function) (https://s7.addthis.com/js/250/addthis_widget.js:2)

  phantomjs://platform/console++.js:263 in error
[ERROR - 2017-01-24T03:14:55.957Z] Session [ed253a70-e1e1-11e6-971d-23edb459278c] - page.onError - msg: undefined

  phantomjs://platform/console++.js:263 in error
[ERROR - 2017-01-24T03:14:55.957Z] Session [ed253a70-e1e1-11e6-971d-23edb459278c] - page.onError - stack:
  (anonymous function) (https://s7.addthis.com/js/250/addthis_widget.js:2)

  phantomjs://platform/console++.js:263 in error
[ERROR - 2017-01-24T03:14:59.601Z] Session [ed253a70-e1e1-11e6-971d-23edb459278c] - page.onError - msg: undefined

  phantomjs://platform/console++.js:263 in error
[ERROR - 2017-01-24T03:14:59.601Z] Session [ed253a70-e1e1-11e6-971d-23edb459278c] - page.onError - stack:
  (anonymous function) (https://s7.addthis.com/js/250/addthis_widget.js:2)

  phantomjs://platform/console++.js:263 in error
[ERROR - 2017-01-24T03:15:03.859Z] Session [ed253a70-e1e1-11e6-971d-23edb459278c] - page.onError - msg: undefined

  phantomjs://platform/console++.js:263 in error
[ERROR - 2017-01-24T03:15:03.859Z] Session [ed253a70-e1e1-11e6-971d-23edb459278c] - page.onError - stack:
  (anonymous function) (https://s7.addthis.com/js/250/addthis_widget.js:2)

  phantomjs://platform/console++.js:263 in error
[ERROR - 2017-01-24T03:15:10.766Z] Session [ed253a70-e1e1-11e6-971d-23edb459278c] - page.onError - msg: undefined

  phantomjs://platform/console++.js:263 in error
[ERROR - 2017-01-24T03:15:10.766Z] Session [ed253a70-e1e1-11e6-971d-23edb459278c] - page.onError - stack:
  (anonymous function) (https://s7.addthis.com/js/250/addthis_widget.js:2)

  phantomjs://platform/console++.js:263 in error
[INFO  - 2017-01-24T03:15:14.334Z] SessionManagerReqHand - _cleanupWindowlessSessions - Asynchronous Sessions clean-up phase starting NOW
[ERROR - 2017-01-24T03:17:41.445Z] Session [ed253a70-e1e1-11e6-971d-23edb459278c] - page.onError - msg: undefined

  phantomjs://platform/console++.js:263 in error
[ERROR - 2017-01-24T03:17:41.445Z] Session [ed253a70-e1e1-11e6-971d-23edb459278c] - page.onError - stack:
  (anonymous function) (https://s7.addthis.com/js/250/addthis_widget.js:2)

  phantomjs://platform/console++.js:263 in error
[ERROR - 2017-01-24T03:17:45.337Z] Session [ed253a70-e1e1-11e6-971d-23edb459278c] - page.onError - msg: undefined

  phantomjs://platform/console++.js:263 in error
[ERROR - 2017-01-24T03:17:45.338Z] Session [ed253a70-e1e1-11e6-971d-23edb459278c] - page.onError - stack:
  (anonymous function) (https://s7.addthis.com/js/250/addthis_widget.js:2)

  phantomjs://platform/console++.js:263 in error
[ERROR - 2017-01-24T03:17:48.771Z] Session [ed253a70-e1e1-11e6-971d-23edb459278c] - page.onError - msg: undefined

  phantomjs://platform/console++.js:263 in error
[ERROR - 2017-01-24T03:17:48.771Z] Session [ed253a70-e1e1-11e6-971d-23edb459278c] - page.onError - stack:
  (anonymous function) (https://s7.addthis.com/js/250/addthis_widget.js:2)

  phantomjs://platform/console++.js:263 in error
[ERROR - 2017-01-24T03:17:52.068Z] Session [ed253a70-e1e1-11e6-971d-23edb459278c] - page.onError - msg: undefined

  phantomjs://platform/console++.js:263 in error
[ERROR - 2017-01-24T03:17:52.068Z] Session [ed253a70-e1e1-11e6-971d-23edb459278c] - page.onError - stack:
  (anonymous function) (https://s7.addthis.com/js/250/addthis_widget.js:2)

  phantomjs://platform/console++.js:263 in error
[ERROR - 2017-01-24T03:17:55.192Z] Session [ed253a70-e1e1-11e6-971d-23edb459278c] - page.onError - msg: undefined

  phantomjs://platform/console++.js:263 in error
[ERROR - 2017-01-24T03:17:55.192Z] Session [ed253a70-e1e1-11e6-971d-23edb459278c] - page.onError - stack:
  (anonymous function) (https://s7.addthis.com/js/250/addthis_widget.js:2)

  phantomjs://platform/console++.js:263 in error
[ERROR - 2017-01-24T03:17:58.248Z] Session [ed253a70-e1e1-11e6-971d-23edb459278c] - page.onError - msg: undefined

  phantomjs://platform/console++.js:263 in error
[ERROR - 2017-01-24T03:17:58.248Z] Session [ed253a70-e1e1-11e6-971d-23edb459278c] - page.onError - stack:
  (anonymous function) (https://s7.addthis.com/js/250/addthis_widget.js:2)

  phantomjs://platform/console++.js:263 in error
[ERROR - 2017-01-24T03:18:01.511Z] Session [ed253a70-e1e1-11e6-971d-23edb459278c] - page.onError - msg: undefined

  phantomjs://platform/console++.js:263 in error
[ERROR - 2017-01-24T03:18:01.511Z] Session [ed253a70-e1e1-11e6-971d-23edb459278c] - page.onError - stack:
  (anonymous function) (https://s7.addthis.com/js/250/addthis_widget.js:2)

  phantomjs://platform/console++.js:263 in error
